1628
4 5357 5121 5913 2489
4 8148 6404 2584 4631
4 421 2589 5583 6312
4 6255 8785 6584 8733
4 9906 3987 8197 8754
4 3629 5231 1756 7444
4 7710 7529 7569 59
4 1737 9487 2094 4386
4 5796 6735 7064 7549
4 998 2861 2395 8873
4 6655 9612 6839 8189
4 7923 7262 6632 5515
4 7704 5905 8437 5363
4 8452 9004 4041 1729
4 7796 6459 8407 2222
4 398 6823 9529 4233
4 820 9213 9620 604
4 1248 4318 4004 9131
4 4848 1396 8689 2155
4 5886 9354 3904 1524
4 8603 5744 4449 7792
4 4574 8479 6476 1556
4 9483 5416 1385 453
4 4100 1287 847 3626
4 7108 4644 9383 3697
4 2545 5427 9618 370
4 973 3135 9247 2061
4 3015 7100 8854 5989
4 4863 948 5616 2096
4 6668 7168 9813 6639
4 1492 4036 3505 5090
4 2752 8284 2843 9959
4 2687 9765 3273 7936
4 5570 8004 666 8119
4 44 1561 4695 2345
4 2117 2935 8775 8777
4 461 1423 7819 5083
4 3295 8287 674 4147
4 2932 6640 3715 752
4 8591 3420 9888 9019
4 5918 2598 7525 3656
4 2331 864 1114 7937
4 5251 3825 7939 4670
4 6762 6196 3942 2499
4 1677 2968 936 3176
4 1081 4106 5526 962
4 6756 8384 6613 110
4 5001 7368 9894 8991
4 5592 683 8240 8911
4 1388 8320 7369 6240
4 9818 876 5211 8152
4 4194 5052 2124 9527
4 4473 3484 2723 2064
4 9128 8814 7515 4090
4 3149 2196 2212 5602
4 8585 714 132 2819
4 2459 9256 281 2246
4 7577 839 8837 3647
4 7863 1101 8636 5791
4 3457 2728 7290 384
4 8392 4808 5651 3302
4 7208 3765 4916 9965
4 7950 7945 3678 8641
4 371 684 9614 3795
4 7101 1115 1341 1071
4 9267 2475 7927 8485
4 63 6170 4685 6782
4 7259 6677 2008 3072
4 1013 5042 7201 6252
4 7834 4405 8058 2548
4 1491 4961 2080 7305
4 3024 1734 7198 5945
4 5048 4430 3463 1707
4 1004 4957 7595 4917
4 1233 9986 2228 7540
4 4579 854 1164 8465
4 3272 7409 6176 9295
4 2141 4886 6381 4964
4 7104 2070 2558 9307
4 4702 7961 5046 3499
4 5101 5773 9795 4983
4 7135 9568 3047 4131
4 6495 3607 5214 1955
4 2115 49 6702 7757
4 336 5982 636 3896
4 1214 7313 1322 7202
4 443 3792 1988 4788
4 2922 8063 8338 8553
4 8639 3940 1353 2964
4 7896 7825 7136 4406
4 5653 5295 3566 3096
4 976 887 9305 1146
4 1830 3228 5219 6168
4 4509 2727 71 4074
4 818 4874 8612 62
4 82 2274 5772 4657
4 6107 5713 3293 9576
4 4135 4322 4940 2045
4 1210 3437 3114 1671
4 3309 9433 8745 7196
4 8608 7543 5310 7359
4 1851 4925 6547 3042
4 4240 8322 5006 4320
4 6550 1203 2736 2293
4 7516 1812 1742 2726
4 6935 9129 9866 1094
4 7551 5625 9690 7
4 7145 5873 9917 5494
4 4185 9552 594 1713
4 8116 4141 3142 4167
4 5383 2259 2759 8332
4 47 7579 4847 3376
4 1450 7326 1946 8250
4 2456 7231 8387 1934
4 8851 4637 4561 4102
4 4235 9539 2962 3775
4 9 3686 3844 3672
4 766 9235 1050 2982
4 4655 8803 2686 9966
4 5652 532 8193 8736
4 7583 4374 9263 8767
4 7715 7083 850 6571
4 9525 6129 2652 9063
4 727 7308 6558 4995
4 2481 6957 7032 8375
4 723 5777 8644 213
4 1895 3196 954 7648
4 4112 9532 2060 8233
4 4475 1568 8138 4402
4 3357 7447 4490 8865
4 7088 3781 4619 4150
4 3519 2340 4058 6467
4 859 4550 9946 1621
4 8010 5163 9106 18
4 9196 3337 7725 3170
4 1591 1724 2828 3889
4 1418 3689 8397 8626
4 4076 2342 676 992
4 6882 4912 2036 3257
4 5904 6611 201 120
4 6178 3542 3840 4959
4 5172 5931 9747 7148
4 9119 3155 7451 7166
4 2544 2749 8478 7079
4 1433 6567 4638 6534
4 2642 5729 7862 7851
4 586 58 7494 6123
4 2085 3112 8601 7643
4 3648 9344 3913 6038
4 3757 6927 2323 6537
4 5686 6913 7814 9605
4 4139 2862 2628 7445
4 774 2300 7464 4690
4 5156 8506 2814 8509
4 7545 9559 2870 8186
4 403 1763 6147 446
4 3593 3708 2123 1383
4 9542 8997 8259 328
4 4244 2213 7673 11
4 6134 1839 333 4044
4 9302 4390 1049 8348
4 2795 8242 245 8834
4 3475 8616 2308 1231
4 9151 7703 8286 9900
4 9275 5081 8115 3869
4 9713 1160 8167 3583
4 8187 9528 9320 7008
4 5366 9243 4837 7920
4 7316 6050 6171 2313
4 8267 706 654 9340
4 3451 6359 6777 8094
4 4480 778 6842 5919
4 1711 4902 2243 2305
4 5609 7726 1552 3126
4 3842 7944 9873 3950
4 5845 1936 8849 3526
4 8079 7953 2985 8253
4 2160 5096 4284 2647
4 2267 7267 5359 4151
4 5540 2674 8367 5665
4 1136 1509 3106 171
4 8101 1427 4965 6994
4 8430 9374 7385 9289
4 2023 5854 7026 65
4 9514 373 6580 4498
4 5136 9722 6481 7119
4 5324 9921 7050 2203
4 687 7922 2994 7522
4 2944 3632 4557 593
4 4551 7466 8036 3745
4 2282 9283 3083 8721
4 2920 2535 9784 6060
4 6300 8563 8701 3002
4 1767 8346 1096 877
4 5209 1845 3253 9732
4 3618 177 6989 5239
4 3899 2817 717 3379
4 9856 6985 1996 9942
4 2718 6638 2619 5758
4 5600 3496 9111 5149
4 463 780 2112 1357
4 7700 745 6329 8501
4 5622 8477 6582 1889
4 7756 8047 522 7981
4 8026 1085 2572 4516
4 1359 7212 9779 5891
4 2941 8839 4867 4293
4 8697 7209 1800 4351
4 9691 9649 3356 3229
4 1817 9778 3089 4352
4 6313 67 565 4727
4 9252 3368 251 6415
4 2364 9443 6 2351
4 1336 103 4259 9366
4 1372 2802 4711 2162
4 2571 2009 6477 1202
4 3485 3443 9325 2905
4 4137 4582 9123 9545
4 4951 9751 9968 321
4 5962 7671 4477 6666
4 6316 6426 7629 5793
4 6363 645 9154 8449
4 709 5492 2095 8199
4 1861 8811 8200 750
4 6602 1976 9124 9271
4 5909 9365 1001 6297
4 257 1510 1787 5544
4 1340 9974 791 96
4 214 9930 1505 5970
4 2536 7330 8003 5330
4 8614 9546 4134 9566
4 8751 7911 7489 8040
4 332 5593 2509 7391
4 4884 60 7415 5074
4 9585 1701 8866 1249
4 1344 6914 1364 4357
4 8947 8529 7699 188
4 9629 1717 1883 924
4 9806 3308 6738 8990
4 3062 5733 8779 8431
4 3214 8163 1351 1564
4 1820 5028 3223 5244
4 2957 8923 1522 5529
4 9363 8835 1740 2575
4 9511 7613 3120 6336
4 1975 2776 9550 4222
4 5236 4696 3830 9962
4 5518 7972 8056 4861
4 6956 1747 8470 8658
4 7934 7439 5683 5332
4 5991 9569 6188 296
4 6342 2245 4977 7153
4 7057 264 8651 8168
4 3730 7677 9419 1429
4 9166 1178 1636 4649
4 3750 4415 7647 85
4 4331 1965 767 6192
4 4572 3655 8659 3870
4 7344 6377 6742 4367
4 7210 2043 6273 1476
4 8915 9341 6616 5720
4 9426 1200 9250 2265
4 3579 1061 9952 7748
4 4161 5375 6144 3271
4 4717 5808 4870 9048
4 5131 8418 3167 6226
4 1743 1714 6410 6309
4 3473 8548 55 7824
4 5488 3306 1523 197
4 5835 4600 3087 3997
4 8579 631 8702 3037
4 2573 4960 1673 5170
4 5728 9797 6042 8442
4 9397 6627 7250 407
4 301 3834 1040 9626
4 902 7155 7880 2877
4 6419 2809 7524 773
4 2952 5155 4079 3673
4 3845 385 278 6483
4 8607 9572 3028 6012
4 797 5864 8132 7412
4 8625 3905 3791 8940
4 9853 7567 4469 9695
4 1508 875 8671 6769
4 2089 6662 4043 3978
4 5553 7436 3857 3557
4 8487 2055 2353 1484
4 3137 6384 4607 7978
4 1810 1948 9843 3
4 8183 6198 3362 8707
4 730 6747 6058 9718
4 2612 9755 2000 3728
4 5610 2486 4706 9689
4 1228 2912 7302 1483
4 1998 8677 1912 6578
4 4524 6146 9507 5207
4 4200 9265 3367 1117
4 283 432 836 6444
4 3001 7443 6757 6028
4 5308 1140 5803 6981
4 9746 8204 8670 3508
4 3944 4527 8683 3022
4 5476 1821 8692 6656
4 7253 8172 1853 7103
4 9871 9078 8895 4617
4 6010 4883 6320 1708
4 8297 2927 1253 1526
4 263 3885 3278 8453
4 884 7319 4179 4871
4 915 7095 7603 9597
4 1587 5203 1720 1037
4 4532 3736 8524 8328
4 7118 1571 1833 3516
4 513 6498 634 9908
4 995 464 4439 1378
4 5849 7618 7296 8956
4 6110 1224 3877 1542
4 7696 3248 5197 4521
4 2585 8932 7536 1681
4 7617 3518 5998 3375
4 8964 4565 4786 3892
4 4474 8750 2488 8673
4 6370 4038 6367 525
4 8722 7861 451 7870
4 8929 4307 9880 3853
4 1073 9359 5151 6205
4 3561 1684 7255 3104
4 5174 1154 1261 926
4 1923 3511 9769 9197
4 2939 5785 7759 1464
4 9464 2185 174 1620
4 137 1152 4731 480
4 559 2600 7041 5823
4 1116 2627 6605 5941
4 2937 916 5250 923
4 5902 8874 9599 520
4 4361 738 145 5462
4 4292 4668 17 4946
4 5278 8637 8466 7215
4 6296 6965 5548 5441
4 2592 970 7778 3746
4 2798 3055 7178 6526
4 4975 1361 9961 1487
4 7678 5547 9895 7130
4 7823 5503 2716 2407
4 3107 9168 6231 6133
4 3544 6389 7463 1765
4 5341 1712 3769 1726
4 5839 9907 5446 5705
4 9849 172 846 5574
4 56 5271 1827 297
4 2566 3134 1601 688
4 6220 1234 556 4604
4 6577 9014 7624 1430
4 8527 2368 9471 8653
4 9425 8516 3969 6752
4 5378 9984 6266 2106
4 6938 1570 5649 2484
4 529 7238 4627 7149
4 760 9092 8714 4093
4 10 5007 5056 9161
4 3050 6856 7518 9741
4 6715 5118 7363 2221
4 9350 2165 7499 8931
4 844 5563 8081 912
4 4663 5875 3691 5579
4 7740 2649 6540 2127
4 8363 7218 6364 28
4 208 5325 9588 4859
4 1122 1648 5013 4522
4 6583 1963 9246 2516
4 1197 2766 9390 2590
4 139 164 117 2555
4 3540 6396 2879 9450
4 8239 4491 7152 6645
4 9121 628 2007 5899
4 2295 87 9182 642
4 3258 1589 7558 6152
4 4990 9214 1735 2836
4 8833 8044 8198 931
4 4230 6680 3674 3828
4 5017 8161 2125 7839
4 5948 3932 5879 7375
4 8059 2804 8305 1010
4 211 4126 3608 1876
4 5627 2309 7318 2848
4 6052 6149 6102 3239
4 6451 8293 8617 6157
4 8650 6721 3973 8606
4 8824 9776 4997 6036
4 9594 6623 2226 4555
4 7346 8247 9135 9976
4 7692 5487 7983 7413
4 7204 2811 656 1632
4 1015 9852 3480 6193
4 1825 7151 3527 1260
4 3029 9719 4857 2872
4 3276 5824 1562 6685
4 9490 4671 7278 206
4 6215 6731 7659 9276
4 7752 3677 5513 4573
4 8609 1943 9286 4170
4 178 9382 9761 5517
4 289 1866 8032 590
4 597 900 1393 6350
4 1847 1159 1877 5644
4 7954 3692 9326 5044
4 9414 1311 1642 9499
4 9580 1205 2190 3808
4 4650 6531 307 2697
4 6256 2732 9748 6443
4 1856 8258 5061 8176
4 2538 3132 6228 7090
4 8652 1129 6984 1888
4 1056 5094 834 9730
4 5815 8134 1994 540
4 6703 7888 3567 3895
4 8578 3891 7884 4814
4 1819 8537 4933 8434
4 2999 9241 8035 290
4 3092 1874 53 6053
4 4496 6741 8333 1718
4 4792 6306 1332 9637
4 5058 5981 4636 3980
4 5559 124 9376 7993
4 6111 7764 6628 7734
4 151 9238 1704 7475
4 4054 4725 589 7105
4 6206 8967 236 648
4 8468 4055 7286 2428
4 7875 2490 6651 6676
4 8342 7512 2854 5371
4 8684 3573 7594 6366
4 9407 142 9675 6365
4 2705 4611 9165 253
4 7542 1884 4661 7777
4 9799 4091 2806 5794
4 2091 4875 1440 4865
4 4442 7610 5035 2400
4 5418 1837 3558 4692
4 9714 9864 5530 4381
4 3297 6932 5710 9602
4 4592 7361 735 4926
4 4774 7219 2254 1282
4 8907 6557 4363 4375
4 9530 3912 7733 2006
4 1445 2565 9220 4703
4 2020 3924 3839 4066
4 2241 6155 9523 3553
4 2765 1339 2461 5205
4 4989 4187 534 8861
4 6849 7003 960 5633
4 7406 6976 9016 1595
4 362 2887 210 358
4 4716 8123 4478 9971
4 5235 7074 7382 7526
4 3654 3945 898 4904
4 3802 8241 9922 4412
4 4506 9368 7818 5474
4 6326 3498 9896 6800
4 6827 4771 404 5856
4 7662 2457 2783 6733
4 7841 7356 1533 6528
4 1023 9650 6380 7037
4 3531 2081 8019 4452
4 4656 7683 1723 8648
4 5020 1598 4064 8715
4 5671 8597 8432 1467
4 8423 1471 2375 3299
4 4089 4410 6514 7785
4 5916 9988 6794 5898
4 1406 489 6076 4773
4 3422 9453 3704 3882
4 4559 6361 3760 8299
4 5389 9456 4011 7943
4 6289 1609 7310 2191
4 6673 3906 622 8889
4 2320 33 6436 8150
4 5355 1422 4467 7419
4 7374 5336 7013 1584
4 7432 4879 147 1886
4 6988 6778 2260 3145
4 7914 5457 7821 4639
4 9848 2401 8898 8938
4 689 4720 2389 5901
4 2907 8894 6585 5869
4 4495 6857 9561 4907
4 146 2381 5920 3966
4 909 5551 3718 7480
4 3323 6784 9726 7426
4 5178 6490 8376 9361
4 5489 9879 3595 9684
4 9468 1512 3153 1507
4 2462 4766 3559 5776
4 5086 7249 6466 396
4 7534 3582 5724 8325
4 7768 3914 2129 8679
4 8153 7230 1952 3983
4 9043 7592 6016 7876
4 737 6340 8954 2134
4 1021 7454 8682 4953
4 2398 9703 3244 7689
4 2874 6208 3749 150
4 3617 198 9192 1922
4 7530 7175 6649 6264
4 8043 3352 678 6942
4 1529 1930 8823 835
4 8845 8238 149 6681
4 9072 39 8712 8746
4 4026 7990 2148 512
4 4057 8425 7770 6202
4 5467 5085 6184 3136
4 6870 3188 9667 711
4 7917 3371 5380 7809
4 9631 7956 3011 9062
4 635 5255 7116 6705
4 5461 9122 1761 4202
4 5865 804 947 3428
4 9143 3564 45 2167
4 9222 2277 6724 8276
4 1090 359 7010 5556
4 3985 32 4823 170
4 5522 6834 3991 4016
4 5832 5896 9096 2343
4 9429 4704 6574 5047
4 3075 5531 8519 5947
4 3339 0 6203 2024
4 7596 4640 7220 8517
4 7966 6421 1347 8133
4 9221 9183 2707 6726
4 9549 4124 7731 3641
4 9802 7221 300 1100
4 1822 6446 2198 9573
4 3129 9091 7186 6522
4 5615 5451 6243 5164
4 9606 4887 8908 9868
4 9734 9173 5166 6553
4 9828 5756 313 1181
4 2924 8263 1256 6022
4 3811 6700 3020 2495
4 5908 6873 4208 2983
4 3322 6811 8632 1411
4 7970 8196 7964 9891
4 849 1199 6248 8336
4 1382 5277 5954 1768
4 3694 2467 8264 2672
4 4465 6160 4949 7425
4 4514 3121 9459 6015
4 5566 9978 1044 5939
4 5584 1047 9038 3517
4 471 611 6719 9633
4 2278 9987 4992 3681
4 3724 1174 4340 708
4 6637 8562 4708 1106
4 1908 4335 7984 6017
4 6659 3127 8222 5721
4 6903 6596 3818 8143
4 8027 7727 1569 2337
4 8752 1157 3412 355
4 9752 2875 8801 2062
4 4659 5657 2506 3031
4 7386 3203 7751 955
4 7424 9299 1840 8413
4 7975 2367 7509 6824
4 9583 1179 562 1668
4 9996 4790 6492 514
4 4215 5240 6648 9836
4 5040 1593 5449 9328
4 5860 5836 9721 6112
4 8711 1616 3894 204
4 9068 3226 3563 4456
4 9210 2702 6478 9028
4 433 5173 4206 8696
4 541 4286 9486 2120
4 4511 2025 8202 4419
4 5362 6351 7384 4858
4 5763 825 6246 8810
4 7521 2296 1409 2601
4 1381 608 465 968
4 5536 4742 7877 978
4 5813 1400 7729 1318
4 7500 8828 3596 6280
4 8160 5157 3105 5872
4 8210 8863 9198 530
4 4052 4958 4188 919
3 5496 5730 8864
3 7555 8006 9767
3 8667 70 6263
3 889 9920 2786
3 1751 5198 8139
3 4359 2954 3809
3 6713 8031 7633
3 1012 2159 7995
3 1535 4228 3926
3 2329 8977 7397
3 2437 234 1843
3 3330 6864 2033
3 4092 3972 136
3 6051 4943 97
3 6275 131 9418
3 8876 8089 5368
3 9935 240 3004
3 9995 2661 1321
3 2578 5606 8919
3 3235 270 1980
3 3657 430 9398
3 4801 6576 3939
3 6960 1640 1330
3 9269 5751 6835
3 431 1062 9538
3 456 7924 9716
3 2746 4000 2074
3 3311 8454 8215
3 5082 9519 3956
3 7614 4534 2949
3 9187 5208 6698
3 9600 1750 6565
3 9768 6097 7663
3 372 2604 3590
3 500 1939 1036
3 620 6964 9584
3 2193 9699 2762
3 4046 6008 4301
3 8137 2072 8447
3 9201 673 9413
3 9332 439 7170
3 9446 8401 2694
3 1259 9086 4221
3 1744 2632 9656
3 2977 6003 5986
3 4796 9431 2514
3 5191 6161 1796
3 6761 8180 6844
3 6890 37 7457
3 885 2772 9036
3 1475 5482 3793
3 1519 3212 6302
3 2102 1649 1755
3 2713 4798 9944
3 4942 956 1538
3 5245 183 8859
3 7407 8822 6450
3 7991 2595 3060
3 24 8435 9075
3 1961 3370 8900
3 2399 4104 6809
3 3280 8252 1279
3 6137 6352 6121
3 8326 1694 5752
3 8383 4238 7586
3 8568 86 9855
3 2207 2891 4596
3 3344 9083 7206
3 4387 4635 5666
3 4502 5732 7812
3 4777 6887 3364
3 6197 7800 458
3 6463 7895 4434
3 7674 2881 4783
3 7881 4839 3875
3 8037 1546 1983
3 457 4358 7554
3 2297 3822 7724
3 2953 6972 7320
3 5994 7471 4595
3 7461 6959 8314
3 487 3543 8353
3 602 9009 4994
3 756 7410 8486
3 4248 2608 9094
3 4400 2903 4339
3 5168 7357 8093
3 5897 7362 7850
3 6963 8815 7694
3 335 2149 462
3 2144 3141 392
3 2210 3052 1371
3 2596 4399 9564
3 3951 7094 9215
3 4116 8930 4736
3 5024 6311 2785
3 6471 6506 2741
3 6915 7387 1536
3 8766 2610 2859
3 9035 2028 1453
3 9047 9137 802
3 221 3021 4504
3 801 3347 9659
3 2956 40 4069
3 6332 2837 1778
3 6353 6818 9651
3 9114 2892 3887
3 9578 6925 7395
3 9838 5066 6328
3 1161 168 615
3 1678 5233 8028
3 1688 3789 639
3 3651 502 2307
3 5628 4982 4097
3 6127 4877 842
3 6448 2469 6175
3 7078 725 9709
3 7602 325 7959
3 7889 2059 840
3 31 152 229
3 2412 8663 7632
3 5181 1009 2683
3 6148 343 644
3 6232 9820 511
3 739 9394 5959
3 1426 6229 7557
3 2685 2101 4689
3 4291 5106 393
3 4688 5125 7742
3 6944 1220 8097
3 7859 78 4099
3 8438 5128 8576
3 8543 3318 4787
3 8737 9595 7532
3 9993 6699 2950
3 402 3012 4488
3 1959 8022 2388
3 2169 3841 6473
3 4549 9015 6315
3 5817 9540 9223
3 6725 1043 848
3 7960 1869 252
3 8426 5422 7971
3 9678 5719 7423
3 613 6034 1165
3 4567 5631 153
3 5558 9227 20
3 8804 1080 2304
3 9489 68 2472
3 34 726 1502
3 793 5676 1377
3 4031 3679 640
3 5190 7803 7314
3 5882 2242 1807
3 8256 3743 477
3 8643 3555 6005
3 8950 6952 7631
3 953 1979 3123
3 3903 7697 5881
3 4826 13 1953
3 4855 6746 7826
3 4880 579 7581
3 7994 305 5212
3 8903 1167 7132
3 9957 3515 4811
3 413 4723 4922
3 467 5443 7666
3 1270 2002 193
3 1892 6452 6563
3 3698 4969 7176
3 5731 5850 9280
3 6225 3509 6095
3 7430 2137 3233
3 9887 76 4173
3 9892 1590 6479
3 860 57 4249
3 2164 8398 9475
3 2215 4298 5951
3 2669 740 1369
3 3396 8571 3665
3 4047 6922 5863
3 6357 9274 2824
3 8629 346 6046
3 2929 4750 7713
3 3621 293 3246
3 4078 2527 5146
3 4267 395 4747
3 4451 83 7194
3 5950 6674 5829
3 6189 414 3838
3 6291 1549 3449
3 7496 1586 937
3 649 2432 5161
3 2019 2232 2799
3 2358 4155 7036
3 2629 3581 7951
3 2898 4279 3761
3 4245 8212 3902
3 4246 5026 1504
3 4554 4679 1416
3 7906 9524 568
3 9337 6210 868
3 949 6544 3161
3 1276 5346 8821
3 3146 7024 9294
3 4662 8986 1286
3 6104 554 7197
3 6740 2533 4653
3 7252 7804 3748
3 7565 8456 9157
3 8206 9830 1031
3 9065 1194 3261
3 1084 4314 2668
3 1650 6244 444
3 2531 2634 9526
3 2751 16 6270
3 3482 9234 2529
3 3504 4030 2303
3 4311 23 7653
3 5895 7236 1250
3 9313 8229 1986
3 1516 4537 4856
3 1793 7813 4767
3 3263 3773 5200
3 3431 7743 3911
3 3806 5714 3332
3 5387 8675 1118
3 6630 1032 1514
3 8498 6664 9458
3 9105 4328 9333
3 9543 6258 9692
3 982 1527 4501
3 1532 3174 9958
3 2047 3930 3513
3 4176 7490 7963
3 4398 5401 8277
3 5672 7018 9635
3 6294 8440 5199
3 8965 1201 4841
3 9488 9496 5237
3 9810 675 8642
3 1296 4623 6510
3 1452 1891 2671
3 2442 4001 3125
3 3316 4578 2712
3 4892 6828 1618
3 4914 6245 7150
3 6612 2264 3880
3 6920 9680 6569
3 7559 3824 6494
3 8201 9551 5373
3 8355 5175 6744
3 8952 499 6693
3 1027 5059 6430
3 1606 2143 8729
3 2422 4713 6093
3 4935 459 8067
3 5834 5980 4898
3 6822 8727 4775
3 6852 8179 8289
3 6962 8654 3099
3 9085 9260 115
3 9251 225 9022
3 9711 365 5769
3 858 4164 7622
3 3407 4605 1806
3 3747 5641 1865
3 4144 8177 1898
3 4447 3570 1058
3 5043 8918 8981
3 7761 9002 7828
3 9149 9858 6604
3 30 4095 7237
3 2328 4407 8593
3 3147 7957 8808
3 5097 9272 185
3 5400 2402 8382
3 7418 9655 94
3 8235 3274 8567
3 8897 6118 6846
3 123 7849 9611
3 1951 3547 7600
3 2335 4562 1669
3 6130 9624 6323
3 6600 2570 7190
3 9181 2946 6727
3 9985 1132 4325
3 576 1110 7721
3 1978 4482 2220
3 2235 6590 2466
3 3355 4156 6126
3 4558 5471 6766
3 5098 5831 3078
3 6002 7048 9927
3 6398 8756 2205
3 6851 8978 2046
3 8108 9073 7665
3 8472 4840 3587
3 1639 4197 2216
3 2240 7085 8129
3 4546 6090 9771
3 4694 6472 7616
3 5077 5442 7899
3 6078 7315 7868
3 6669 7127 1288
3 6899 8340 6711
3 6993 8388 8753
3 7247 896 6223
3 7273 2591 899
3 8393 473 5944
3 8806 3615 3883
3 1754 6304 8734
3 1835 5505 7329
3 2333 5812 7634
3 2582 9338 9613
3 4489 4804 419
3 5019 8572 9745
3 5041 6524 8372
3 7693 1848 6774
3 7805 160 516
3 9859 1271 1774
3 1266 5323 101
3 2105 2294 22
3 2911 4564 4172
3 3506 143 3324
3 7460 8640 6560
3 1137 1192 2199
3 1212 1849 4308
3 1313 2730 5189
3 2234 2549 9877
3 3265 3884 9134
3 3664 5621 5800
3 3878 5613 9003
3 5140 6990 8573
3 5460 6697 9013
3 5702 6739 2754
3 6356 7275 1086
3 6671 7815 9948
3 9603 1653 2237
3 2136 4746 8996
3 3038 4312 8994
3 3281 3933 7491
3 3439 6803 5134
3 5276 8021 3849
3 7121 7123 6064
3 417 558 2453
3 753 6581 1480
3 906 1699 9029
3 2390 2781 4255
3 2793 3402 5171
3 3097 3578 1461
3 4217 7686 7931
3 5268 9261 1488
3 5397 796 4599
3 6063 8773 1170
3 9679 381 1127
3 9744 2417 5598
3 550 2016 4136
3 1656 2268 4196
3 2289 3782 5523
3 2852 3873 4918
3 4394 4818 3817
3 5234 5426 8411
3 5903 6035 9844
3 6023 6595 2951
3 6414 7510 1783
3 6636 6831 7117
3 8084 159 2621
3 8716 9194 6520
3 9008 219 2444
3 9230 472 3491
3 828 8049 8166
3 1093 2775 8316
3 1172 1624 4678
3 2406 3131 3888
3 3381 5246 8759
3 4613 4630 133
3 5253 6261 7400
3 6096 6132 1814
3 7233 7786 9901
3 8464 1404 6373
3 8789 8793 279
3 9759 893 2068
3 217 1627 4094
3 845 3262 4910
3 1665 3300 6227
3 1867 1985 2334
3 2731 3965 8633
3 3334 3442 5966
3 3783 5736 6432
3 5770 6517 6529
3 6953 1208 4932
3 7309 7684 1221
3 7788 8618 2750
3 7903 8539 3401
3 8987 1781 2281
3 218 1801 3584
3 610 1836 9502
3 2065 3312 3744
3 2554 2987 401
3 2711 4088 4479
3 3721 5577 651
3 4193 6180 9535
3 4487 5313 7675
3 5391 5398 1904
3 5586 5917 3539
3 5972 7501 2722
3 7925 7969 9534
3 8165 4894 7110
3 9575 990 1899
3 669 1184 3445
3 1646 3927 89
3 3862 5064 7898
3 5104 5132 7980
3 5370 545 3076
3 6417 6586 1292
3 6812 2326 3929
3 7371 9200 2376
3 7388 1638 3411
3 8665 2184 4538
3 9660 934 3085
3 1716 2464 3216
3 2947 4428 8638
3 3124 4529 249
3 3947 4981 7672
3 4544 5599 771
3 5481 9754 144
3 5594 7502 7695
3 7065 7289 1935
3 8694 292 2173
3 9770 9882 1130
3 9846 163 1928
3 9941 977 1299
3 757 3521 5345
3 827 1683 2480
3 2087 2560 4628
3 3017 3807 6259
3 3424 7043 304
3 4669 5511 8015
3 6405 7907 207
3 6770 8525 8584
3 7664 7902 9356
3 8268 9156 2835
3 8842 9209 1120
3 8934 930 2022
3 894 1138 1870
3 1469 2057 3115
3 2050 6805 288
3 2463 3580 3313
3 2567 6068 7744
3 2990 4163 6973
3 4833 7096 9670
3 5122 6307 6958
3 6409 7608 9140
3 6497 241 4553
3 7177 8732 1209
3 9089 199 5429
3 157 691 6331
3 316 4842 4882
3 618 1331 8273
3 2011 5804 7134
3 3610 3941 4646
3 4149 7223 7274
3 7014 7553 643
3 7962 8709 865
3 8776 287 2564
3 8853 9860 2179
3 9785 3353 7640
3 356 3893 5725
3 728 3178 4948
3 2227 4337 9179
3 3186 3541 5514
3 4392 5192 6897
3 6301 6541 1227
3 6425 7163 7544
3 7216 7642 9225
3 7878 8298 8886
3 8068 8409 1574
3 8502 9152 819
3 9491 108 616
3 862 1652 4468
3 1277 1841 4789
3 1958 1971 2418
3 2288 2805 5329
3 3006 4226 4714
3 3753 4355 5182
3 5060 5578 5663
3 5206 5254 733
3 5550 6513 7019
3 5718 7229 9647
3 6213 8870 1809
3 6387 6904 9367
3 7298 7546 1495
3 7795 186 2563
3 8534 8645 867
3 9100 9863 2163
3 9406 784 3425
3 9710 425 4143
3 2239 3536 4508
3 2841 4598 5741
3 3438 3798 5424
3 4634 5658 7948
3 5534 5612 5848
3 5825 6087 8141
3 5952 7087 800
3 6629 6796 8310
3 6814 8941 9172
3 8740 769 1376
3 9232 9329 348
3 9553 9617 9885
3 9870 347 3812
3 226 1479 2577
3 378 2201 3209
3 1563 1661 1700
3 1615 2318 2344
3 2435 2689 4791
3 3208 3712 5573
3 4693 5611 8564
3 5510 7091 1403
3 5771 9423 9590
3 5958 6484 9582
3 6620 9570 128
3 7349 789 4518
3 7556 1099 4726
3 9158 383 719
3 189 2152 4290
3 1685 3917 4906
3 4403 6748 9314
3 4986 7333 7799
3 6125 7434 7441
3 6253 7365 8309
3 8103 8771 9876
3 8321 9555 441
3 9346 9862 415
3 349 1196 4709
3 633 1494 3213
3 958 1235 1949
3 1131 1788 4211
3 1909 2451 2586
2 2012 5183
2 2470 4939
2 5294 5316
2 5409 6917
2 6692 7758
2 6701 7140
2 7060 7580
2 7459 7541
2 7835 8493
2 7946 8086
2 8064 9954
2 8347 863
2 9205 703
2 9819 203
2 291 361
2 831 1188
2 1119 1180
2 1230 1284
2 1679 1799
2 1868 2878
2 1993 2382
2 2356 2550
2 3327 3784
2 3859 5343
2 3860 4996
2 3949 5148
2 5379 8686
2 6279 6456
2 6457 8080
2 8282 8960
2 8379 9737
2 9323 4
2 280 693
2 388 405
2 509 782
2 935 1335
2 1105 2384
2 1323 1611
2 1732 1818
2 2035 2483
2 2498 4621
2 3247 3821
2 5410 6843
2 5694 7507
2 5779 8406
2 7479 7669
2 7807 7965
2 8412 227
2 8726 9372
2 8875 1046
2 9999 200
2 258 1111
2 268 2324
2 922 1074
2 1133 2378
2 1135 2789
2 2579 3394
2 3787 4254
2 4330 4344
2 4632 4633
2 4664 4675
2 4734 4950
2 5051 5833
2 5699 6085
2 6233 7307
2 6407 8970
2 7251 318
2 7753 8784
2 8410 8985
2 8955 9102
2 9663 662
2 9807 376
2 811 983
2 1029 1553
2 1987 2086
2 2311 2373
2 2386 2405
2 2541 2942
2 3292 4107
2 3386 3639
2 3389 3922
2 4461 4979
2 5356 6500
2 5844 5977
2 6635 7791
2 6983 8523
2 7667 8461
2 8791 9636
2 9604 342
2 9701 9724
2 9742 173
2 491 741
2 794 2030
2 2410 2508
2 2676 2715
2 3199 3385
2 3827 4425
2 4371 7322
2 5005 5177
2 5327 6158
2 6371 6434
2 7092 7399
2 8164 8602
2 8374 8491
2 8731 9162
2 9148 9186
2 9533 9557
2 9632 621
2 9644 9717
2 409 872
2 1534 1918
2 1992 2883
2 2825 3008
2 3756 3819
2 3866 4220
2 4273 4369
2 4810 5413
2 5187 5266
2 5885 6242
2 6254 6420
2 6647 7627
2 7340 7820
2 7706 7992
2 8136 8872
2 8725 821
2 9342 9773
2 69 917
2 148 984
2 195 1206
2 1045 1329
2 1063 1415
2 1439 2934
2 1554 1705
2 1897 1969
2 2747 3225
2 3267 3799
2 3794 3935
2 4323 4978
2 4435 4651
2 5073 5210
2 5399 5643
2 5957 6678
2 7069 8857
2 7228 7636
2 7712 7832
2 9282 312
2 9609 435
2 9977 483
2 437 605
2 508 652
2 901 1610
2 1731 2172
2 2166 2427
2 2503 3058
2 2803 2873
2 2884 3144
2 3227 3466
2 3474 4237
2 3620 4260
2 4032 4103
2 4214 4356
2 4535 5045
2 4807 5167
2 5265 5361
2 5470 7165
2 5840 5853
2 5883 6234
2 5979 6480
2 6174 6499
2 7033 7243
2 7093 7393
2 7264 7938
2 7276 7736
2 7408 8613
2 7547 9963
2 8728 8879
2 8758 194
2 9159 9327
2 9362 1654
2 179 2330
2 987 2425
2 1305 2996
2 2500 3636
2 4224 5350
2 4372 4758
2 4822 4860
2 5340 5745
2 5508 6077
2 6654 6841
2 6675 6901
2 7097 7172
2 7416 7588
2 7793 8142
2 7915 8395
2 8507 8535
2 8570 8778
2 8770 9070
2 8780 9011
2 9775 9787
2 9822 111
2 118 184
2 192 209
2 303 1142
2 596 2170
2 2206 3476
2 2556 3082
2 2769 3530
2 3879 4891
2 3984 4732
2 4577 6853
2 4890 4972
2 6187 7059
2 7427 7789
2 7639 8144
2 8117 8311
2 8786 9749
2 8877 9380
2 9415 729
2 478 482
2 1614 1728
2 1831 2520
2 3044 3189
2 3777 4175
2 4285 4376
2 5067 7086
2 5107 5557
2 5279 6128
2 6141 7098
2 7561 7856
2 7578 7883
2 7942 8038
2 8114 8961
2 8224 8405
2 8361 8417
2 8975 9264
2 9218 9571
2 9421 9931
2 121 274
2 230 908
2 1485 1695
2 1517 2512
2 1972 2771
2 2485 2808
2 2812 4523
2 2974 3716
2 3493 3717
2 3727 4952
2 4724 5747
2 5696 6614
2 5906 5993
2 5983 6902
2 6156 6308
2 6411 7075
2 7590 7741
2 8061 8244
2 8135 9556
2 8272 9436
2 156 1350
2 781 1496
2 1625 3685
2 2039 2098
2 4232 4470
2 4699 4899
2 5483 6177
2 5504 6682
2 6559 7077
2 6720 6833
2 6937 7045
2 7187 7483
2 7606 7847
2 8002 8462
2 8009 256
2 8075 8530
2 9031 9793
2 61 311
2 424 507
2 574 833
2 1177 1226
2 1283 1937
2 1749 2110
2 2271 2272
2 2532 2602
2 2827 3635
2 4063 4098
2 4333 4845
2 5213 5304
2 5533 5727
2 5617 5870
2 6265 6429
2 6428 6545
2 6607 7730
2 7017 7864
2 8011 8045
2 8110 8561
2 8220 8542
2 8500 9736
2 8698 8797
2 8880 81
2 9126 428
2 682 866
2 795 1006
2 1171 1326
2 1501 1513
2 1634 1753
2 1696 1917
2 1804 1984
2 2231 2298
2 2447 3023
2 2657 4297
2 3053 3059
2 3108 3690
2 3307 4427
2 4440 5158
2 4588 4876
2 4913 5023
2 4966 4980
2 5260 5262
2 5377 5382
2 5783 5938
2 6026 7248
2 6971 7404
2 7068 8494
2 7337 7533
2 7550 8556
2 8159 8635
2 8868 9301
2 9357 9686
2 9457 406
2 9498 803
2 538 1166
2 903 1622
2 959 1703
2 1789 2252
2 3268 3993
2 3469 5480
2 4262 4305
2 5008 5754
2 5907 6551
2 6075 6293
2 6539 6998
2 7022 7138
2 7030 7292
2 7139 7367
2 7682 7711
2 7830 7833
2 7929 8190
2 8441 8473
2 8850 8924
2 9007 9296
2 9521 9910
2 9932 182
2 1275 1762
2 1307 2583
2 1932 2357
2 2310 2393
2 2673 3266
2 2900 3361
2 3205 4591
2 3534 3846
2 4770 5472
2 5585 5910
2 5632 6021
2 6098 6237
2 6257 8555
2 6412 6617
2 7067 7584
2 7453 7514
2 8592 8968
2 9823 658
2 603 668
2 1149 1191
2 1824 2138
2 2645 3286
2 3154 3416
2 3705 4060
2 3854 3963
2 4019 4048
2 4283 4453
2 4793 4893
2 4830 4923
2 4843 5693
2 4851 5010
2 5281 5900
2 5926 6848
2 6393 6519
2 6533 6799
2 6859 7102
2 7129 7688
2 7281 9042
2 7523 9577
2 9044 9698
2 9548 25
2 224 275
2 341 452
2 698 1190
2 921 1612
2 1770 1878
2 2026 2385
2 2546 2664
2 2899 3382
2 2928 2961
2 3169 3810
2 3591 3994
2 3611 3803
2 4236 4911
2 4571 5100
2 5430 6222
2 5640 6040
2 6454 6643
2 6961 7574
2 7000 8001
2 7071 7985
2 7658 9297
2 8085 8541
2 9189 9411
2 9311 27
2 9861 238
2 9914 54
2 319 468
2 526 582
2 659 746
2 886 972
2 1302 2153
2 1775 2656
2 2280 2662
2 2709 3454
2 3523 3619
2 3696 4009
2 3719 3990
2 4691 5809
2 5538 5838
2 5828 6119
2 6031 6185
2 6195 6334
2 6290 7852
2 6509 6592
2 6862 6923
2 7782 7890
2 8000 8231
2 8334 9146
2 8554 9059
2 9101 9229
2 9204 9270
2 9554 180
2 9972 412
2 999 1134
2 1316 1777
2 1667 1873
2 2038 2980
2 2525 3156
2 3413 3754
2 4209 4821
2 4525 5386
2 5549 5635
2 6199 6516
2 6283 6391
2 6491 6772
2 6850 7504
2 7011 8109
2 7261 7488
2 8034 9024
2 8118 9825
2 9720 379
2 9933 422
2 573 1087
2 1237 1725
2 1308 2010
2 1880 2154
2 2758 3645
2 3383 3843
2 4034 4252
2 4132 4520
2 4174 4556
2 4581 4987
2 4705 5257
2 5014 5227
2 5697 5778
2 5859 6163
2 5949 6792
2 7222 8098
2 8318 8546
2 8344 8508
2 8757 9336
2 9150 9400
2 154 533
2 360 583
2 911 1290
2 986 1374
2 1401 1664
2 1915 1964
2 2431 2733
2 2706 2858
2 3201 3628
2 3340 3643
2 3546 4062
2 3788 4438
2 4976 5049
2 5029 5108
2 5153 5342
2 5406 5466
2 5527 5539
2 5619 5820
2 6631 7005
2 7042 7822